<?xml version="1.0" encoding="UTF-8"?>
<!-- Generated by org.testng.reporters.JUnitXMLReporter -->
<testsuite ignored="0" hostname="Aniket" failures="0" tests="8" name="Test22032023" time="417.732" errors="0" timestamp="2023-03-22T16:19:02 IST">
  <testcase classname="testNgPack.TestNgSanity" name="verifyScrollingOperation" time="14.81"/>
  <testcase classname="testNgPack.TestNg2" name="verifyAddtoCartFunctionality" time="0.06"/>
  <testcase classname="testNgPack.TestNg2" name="verifyGoToCartFunctionality" time="3.4"/>
  <testcase classname="testNgPack.TestNg1" name="verifyImageFunctionalityofSelectedItem" time="0.744"/>
  <testcase classname="testNgPack.TestNg4" name="verifySignInFunctionality" time="35.81"/>
  <testcase classname="testNgPack.TestNg3" name="verifyQtyDropDown" time="2.629"/>
  <testcase classname="testNgPack.TestNg3" name="testPass" time="0.001"/>
  <testcase classname="testNgPack.TestNg3" name="verifyProceedToBuyFunctionality" time="3.525"/>
</testsuite> <!-- Test22032023 -->
